<?xml version="1.0" encoding="UTF-8"?>
<!-- Generated by org.testng.reporters.JUnitReportReporter -->
<testsuite hostname="NODE263" name="com.rodanandfields.test.methods.FirstRFTest" tests="1" failures="0" timestamp="2 Sep 2016 08:57:58 GMT" time="29.529" errors="0">
  <testcase name="selectProductTest" time="29.529" classname="com.rodanandfields.test.methods.FirstRFTest"/>
</testsuite> <!-- com.rodanandfields.test.methods.FirstRFTest -->
